d:\final_game_project\my_game_v1\my_game_v1\x64\release\vc142.pdb
d:\final_game_project\my_game_v1\my_game_v1\x64\release\mainmenustate.obj
d:\final_game_project\my_game_v1\my_game_v1\x64\release\main.obj
d:\final_game_project\my_game_v1\my_game_v1\x64\release\loadingstate2.obj
d:\final_game_project\my_game_v1\my_game_v1\x64\release\loadingstate.obj
d:\final_game_project\my_game_v1\my_game_v1\x64\release\item.obj
d:\final_game_project\my_game_v1\my_game_v1\x64\release\human.obj
d:\final_game_project\my_game_v1\my_game_v1\x64\release\gamestate2.obj
d:\final_game_project\my_game_v1\my_game_v1\x64\release\gamestate.obj
d:\final_game_project\my_game_v1\my_game_v1\x64\release\game.obj
d:\final_game_project\my_game_v1\my_game_v1\x64\release\fade.obj
d:\final_game_project\my_game_v1\my_game_v1\x64\release\enemy.obj
d:\final_game_project\my_game_v1\my_game_v1\x64\release\effect.obj
d:\final_game_project\my_game_v1\my_game_v1\x64\release\collision.obj
d:\final_game_project\my_game_v1\my_game_v1\x64\release\button.obj
d:\final_game_project\my_game_v1\my_game_v1\x64\release\bulletbot.obj
d:\final_game_project\my_game_v1\my_game_v1\x64\release\bulletplayer.obj
d:\final_game_project\my_game_v1\my_game_v1\x64\release\bullet.obj
d:\final_game_project\my_game_v1\my_game_v1\x64\release\bomb.obj
d:\final_game_project\my_game_v1\my_game_v1\x64\release\animation.obj
d:\final_game_project\my_game_v1\my_game_v1\x64\release\ally.obj
d:\final_game_project\my_game_v1\my_game_v1\x64\release\windmill.obj
d:\final_game_project\my_game_v1\my_game_v1\x64\release\vehicle.obj
d:\final_game_project\my_game_v1\my_game_v1\x64\release\tower.obj
d:\final_game_project\my_game_v1\my_game_v1\x64\release\tank.obj
d:\final_game_project\my_game_v1\my_game_v1\x64\release\state.obj
d:\final_game_project\my_game_v1\my_game_v1\x64\release\scoreboardstate.obj
d:\final_game_project\my_game_v1\my_game_v1\x64\release\player.obj
d:\final_game_project\my_game_v1\my_game_v1\x64\release\platform.obj
d:\final_game_project\my_game_v1\my_game_v1\x64\release\plane.obj
d:\final_game_project\my_game_v1\my_game_v1\x64\release\pausemenu.obj
d:\final_game_project\my_game_v1\my_game_v1\x64\release\namestate.obj
d:\final_game_project\my_game_v1\x64\release\my_game_v1.exe
d:\final_game_project\my_game_v1\x64\release\my_game_v1.pdb
d:\final_game_project\my_game_v1\x64\release\my_game_v1.ipdb
d:\final_game_project\my_game_v1\x64\release\my_game_v1.iobj
d:\final_game_project\my_game_v1\my_game_v1\x64\release\my_game_v1.tlog\cl.command.1.tlog
d:\final_game_project\my_game_v1\my_game_v1\x64\release\my_game_v1.tlog\cl.read.1.tlog
d:\final_game_project\my_game_v1\my_game_v1\x64\release\my_game_v1.tlog\cl.write.1.tlog
d:\final_game_project\my_game_v1\my_game_v1\x64\release\my_game_v1.tlog\link.command.1.tlog
d:\final_game_project\my_game_v1\my_game_v1\x64\release\my_game_v1.tlog\link.read.1.tlog
d:\final_game_project\my_game_v1\my_game_v1\x64\release\my_game_v1.tlog\link.write.1.tlog
d:\final_game_project\my_game_v1\my_game_v1\x64\release\my_game_v1.tlog\my_game_v1.write.1u.tlog
