d:\final_game_project\my_game_v1\my_game_v1\x64\debug\vc142.pdb
d:\final_game_project\my_game_v1\my_game_v1\x64\debug\vc142.idb
d:\final_game_project\my_game_v1\my_game_v1\x64\debug\player.obj
d:\final_game_project\my_game_v1\my_game_v1\x64\debug\platform.obj
d:\final_game_project\my_game_v1\my_game_v1\x64\debug\collision.obj
d:\final_game_project\my_game_v1\my_game_v1\x64\debug\animation.obj
d:\final_game_project\my_game_v1\my_game_v1\x64\debug\main.obj
d:\final_game_project\my_game_v1\my_game_v1\x64\debug\bullet.obj
d:\final_game_project\my_game_v1\my_game_v1\x64\debug\enemy.obj
d:\final_game_project\my_game_v1\my_game_v1\x64\debug\game.obj
d:\final_game_project\my_game_v1\my_game_v1\x64\debug\state.obj
d:\final_game_project\my_game_v1\my_game_v1\x64\debug\mainmenustate.obj
d:\final_game_project\my_game_v1\my_game_v1\x64\debug\gamestate.obj
d:\final_game_project\my_game_v1\my_game_v1\x64\debug\bulletenemy.obj
d:\final_game_project\my_game_v1\my_game_v1\x64\debug\button.obj
d:\final_game_project\my_game_v1\my_game_v1\x64\debug\human.obj
d:\final_game_project\my_game_v1\my_game_v1\x64\debug\bulletplayer.obj
d:\final_game_project\my_game_v1\my_game_v1\x64\debug\ally.obj
d:\final_game_project\my_game_v1\my_game_v1\x64\debug\bulletbot.obj
d:\final_game_project\my_game_v1\my_game_v1\x64\debug\item.obj
d:\final_game_project\my_game_v1\my_game_v1\x64\debug\pausemenu.obj
d:\final_game_project\my_game_v1\my_game_v1\x64\debug\windmill.obj
d:\final_game_project\my_game_v1\my_game_v1\x64\debug\vehicle.obj
d:\final_game_project\my_game_v1\my_game_v1\x64\debug\plane.obj
d:\final_game_project\my_game_v1\my_game_v1\x64\debug\effect.obj
d:\final_game_project\my_game_v1\my_game_v1\x64\debug\scoreboardstate.obj
d:\final_game_project\my_game_v1\x64\debug\my_game_v1.exe
d:\final_game_project\my_game_v1\x64\debug\my_game_v1.ilk
d:\final_game_project\my_game_v1\x64\debug\my_game_v1.pdb
d:\final_game_project\my_game_v1\my_game_v1\x64\debug\bullet.obj.enc
d:\final_game_project\my_game_v1\my_game_v1\x64\debug\enemy.new.obj.enc
d:\final_game_project\my_game_v1\my_game_v1\x64\debug\game.obj.enc
d:\final_game_project\my_game_v1\my_game_v1\x64\debug\gamestate.obj.enc
d:\final_game_project\my_game_v1\my_game_v1\x64\debug\main.new.obj.enc
d:\final_game_project\my_game_v1\my_game_v1\x64\debug\mainmenustate.new.obj.enc
d:\final_game_project\my_game_v1\my_game_v1\x64\debug\player.new.obj.enc
d:\final_game_project\my_game_v1\my_game_v1\x64\debug\state.new.obj.enc
d:\final_game_project\my_game_v1\my_game_v1\x64\debug\my_game_v1.tlog\cl.command.1.tlog
d:\final_game_project\my_game_v1\my_game_v1\x64\debug\my_game_v1.tlog\cl.read.1.tlog
d:\final_game_project\my_game_v1\my_game_v1\x64\debug\my_game_v1.tlog\cl.write.1.tlog
d:\final_game_project\my_game_v1\my_game_v1\x64\debug\my_game_v1.tlog\link.command.1.tlog
d:\final_game_project\my_game_v1\my_game_v1\x64\debug\my_game_v1.tlog\link.read.1.tlog
d:\final_game_project\my_game_v1\my_game_v1\x64\debug\my_game_v1.tlog\link.write.1.tlog
